# JRE version: Java(TM) SE Runtime Environment (7.0_60-b19) (build 1.7.0_60-b19)
# Java VM: Java HotSpot(TM) 64-Bit Server VM (24.60-b09 mixed mode windows-amd64 compressed oops)
Heap
 PSYoungGen      total 148480K, used 26710K [0x00000000eaa80000, 0x00000000f4e80000, 0x0000000100000000)
  eden space 129024K, 9% used [0x00000000eaa80000,0x00000000eb665eb8,0x00000000f2880000)
  from space 19456K, 74% used [0x00000000f3b80000,0x00000000f49af980,0x00000000f4e80000)
  to   space 19456K, 0% used [0x00000000f2880000,0x00000000f2880000,0x00000000f3b80000)
 ParOldGen       total 84480K, used 33339K [0x00000000c0000000, 0x00000000c5280000, 0x00000000eaa80000)
  object space 84480K, 39% used [0x00000000c0000000,0x00000000c208eda8,0x00000000c5280000)
 PSPermGen       total 21504K, used 6281K [0x00000000bae00000, 0x00000000bc300000, 0x00000000c0000000)
  object space 21504K, 29% used [0x00000000bae00000,0x00000000bb4225b0,0x00000000bc300000)
GC Heap History (10 events):
Event: 5.117 GC heap before
{Heap before GC invocations=2 (full 0):
 PSYoungGen      total 37376K, used 37358K [0x00000000eaa80000, 0x00000000ef380000, 0x0000000100000000)
  eden space 32256K, 100% used [0x00000000eaa80000,0x00000000eca00000,0x00000000eca00000)
  from space 5120K, 99% used [0x00000000eca00000,0x00000000ecefb818,0x00000000ecf00000)
  to   space 5120K, 0% used [0x00000000eee80000,0x00000000eee80000,0x00000000ef380000)
 ParOldGen       total 84480K, used 860K [0x00000000c0000000, 0x00000000c5280000, 0x00000000eaa80000)
  object space 84480K, 1% used [0x00000000c0000000,0x00000000c00d7028,0x00000000c5280000)
 PSPermGen       total 21504K, used 5928K [0x00000000bae00000, 0x00000000bc300000, 0x00000000c0000000)
  object space 21504K, 27% used [0x00000000bae00000,0x00000000bb3ca1a8,0x00000000bc300000)
Event: 5.131 GC heap after
Heap after GC invocations=2 (full 0):
 PSYoungGen      total 69632K, used 5115K [0x00000000eaa80000, 0x00000000ef380000, 0x0000000100000000)
  eden space 64512K, 0% used [0x00000000eaa80000,0x00000000eaa80000,0x00000000ee980000)
  from space 5120K, 99% used [0x00000000eee80000,0x00000000ef37ec40,0x00000000ef380000)
  to   space 5120K, 0% used [0x00000000ee980000,0x00000000ee980000,0x00000000eee80000)
 ParOldGen       total 84480K, used 5124K [0x00000000c0000000, 0x00000000c5280000, 0x00000000eaa80000)
  object space 84480K, 6% used [0x00000000c0000000,0x00000000c0501118,0x00000000c5280000)
 PSPermGen       total 21504K, used 5928K [0x00000000bae00000, 0x00000000bc300000, 0x00000000c0000000)
  object space 21504K, 27% used [0x00000000bae00000,0x00000000bb3ca1a8,0x00000000bc300000)
}
Event: 6.441 GC heap before
{Heap before GC invocations=3 (full 0):
 PSYoungGen      total 69632K, used 69627K [0x00000000eaa80000, 0x00000000ef380000, 0x0000000100000000)
  eden space 64512K, 100% used [0x00000000eaa80000,0x00000000ee980000,0x00000000ee980000)
  from space 5120K, 99% used [0x00000000eee80000,0x00000000ef37ec40,0x00000000ef380000)
  to   space 5120K, 0% used [0x00000000ee980000,0x00000000ee980000,0x00000000eee80000)
 ParOldGen       total 84480K, used 5124K [0x00000000c0000000, 0x00000000c5280000, 0x00000000eaa80000)
  object space 84480K, 6% used [0x00000000c0000000,0x00000000c0501118,0x00000000c5280000)
 PSPermGen       total 21504K, used 5987K [0x00000000bae00000, 0x00000000bc300000, 0x00000000c0000000)
  object space 21504K, 27% used [0x00000000bae00000,0x00000000bb3d8e50,0x00000000bc300000)
Event: 6.482 GC heap after
Heap after GC invocations=3 (full 0):
 PSYoungGen      total 69632K, used 5116K [0x00000000eaa80000, 0x00000000ef380000, 0x0000000100000000)
  eden space 64512K, 0% used [0x00000000eaa80000,0x00000000eaa80000,0x00000000ee980000)
  from space 5120K, 99% used [0x00000000ee980000,0x00000000eee7f268,0x00000000eee80000)
  to   space 5120K, 0% used [0x00000000eee80000,0x00000000eee80000,0x00000000ef380000)
 ParOldGen       total 84480K, used 15225K [0x00000000c0000000, 0x00000000c5280000, 0x00000000eaa80000)
  object space 84480K, 18% used [0x00000000c0000000,0x00000000c0ede610,0x00000000c5280000)
 PSPermGen       total 21504K, used 5987K [0x00000000bae00000, 0x00000000bc300000, 0x00000000c0000000)
  object space 21504K, 27% used [0x00000000bae00000,0x00000000bb3d8e50,0x00000000bc300000)
}
Event: 7.151 GC heap before
{Heap before GC invocations=4 (full 0):
 PSYoungGen      total 69632K, used 69628K [0x00000000eaa80000, 0x00000000ef380000, 0x0000000100000000)
  eden space 64512K, 100% used [0x00000000eaa80000,0x00000000ee980000,0x00000000ee980000)
  from space 5120K, 99% used [0x00000000ee980000,0x00000000eee7f268,0x00000000eee80000)
  to   space 5120K, 0% used [0x00000000eee80000,0x00000000eee80000,0x00000000ef380000)
 ParOldGen       total 84480K, used 15225K [0x00000000c0000000, 0x00000000c5280000, 0x00000000eaa80000)
  object space 84480K, 18% used [0x00000000c0000000,0x00000000c0ede610,0x00000000c5280000)
 PSPermGen       total 21504K, used 6032K [0x00000000bae00000, 0x00000000bc300000, 0x00000000c0000000)
  object space 21504K, 28% used [0x00000000bae00000,0x00000000bb3e4050,0x00000000bc300000)
Event: 7.203 GC heap after
Heap after GC invocations=4 (full 0):
 PSYoungGen      total 69632K, used 5113K [0x00000000eaa80000, 0x00000000f3280000, 0x0000000100000000)
  eden space 64512K, 0% used [0x00000000eaa80000,0x00000000eaa80000,0x00000000ee980000)
  from space 5120K, 99% used [0x00000000eee80000,0x00000000ef37e428,0x00000000ef380000)
  to   space 5120K, 0% used [0x00000000ee980000,0x00000000ee980000,0x00000000eee80000)
 ParOldGen       total 84480K, used 24272K [0x00000000c0000000, 0x00000000c5280000, 0x00000000eaa80000)
  object space 84480K, 28% used [0x00000000c0000000,0x00000000c17b4340,0x00000000c5280000)
 PSPermGen       total 21504K, used 6032K [0x00000000bae00000, 0x00000000bc300000, 0x00000000c0000000)
  object space 21504K, 28% used [0x00000000bae00000,0x00000000bb3e4050,0x00000000bc300000)
}
Event: 7.905 GC heap before
{Heap before GC invocations=5 (full 0):
 PSYoungGen      total 69632K, used 69625K [0x00000000eaa80000, 0x00000000f3280000, 0x0000000100000000)
  eden space 64512K, 100% used [0x00000000eaa80000,0x00000000ee980000,0x00000000ee980000)
  from space 5120K, 99% used [0x00000000eee80000,0x00000000ef37e428,0x00000000ef380000)
  to   space 5120K, 0% used [0x00000000ee980000,0x00000000ee980000,0x00000000eee80000)
 ParOldGen       total 84480K, used 24272K [0x00000000c0000000, 0x00000000c5280000, 0x00000000eaa80000)
  object space 84480K, 28% used [0x00000000c0000000,0x00000000c17b4340,0x00000000c5280000)
 PSPermGen       total 21504K, used 6049K [0x00000000bae00000, 0x00000000bc300000, 0x00000000c0000000)
  object space 21504K, 28% used [0x00000000bae00000,0x00000000bb3e8728,0x00000000bc300000)
Event: 7.930 GC heap after
Heap after GC invocations=5 (full 0):
 PSYoungGen      total 69632K, used 5098K [0x00000000eaa80000, 0x00000000f4e80000, 0x0000000100000000)
  eden space 64512K, 0% used [0x00000000eaa80000,0x00000000eaa80000,0x00000000ee980000)
  from space 5120K, 99% used [0x00000000ee980000,0x00000000eee7a888,0x00000000eee80000)
  to   space 19456K, 0% used [0x00000000f3b80000,0x00000000f3b80000,0x00000000f4e80000)
 ParOldGen       total 84480K, used 33339K [0x00000000c0000000, 0x00000000c5280000, 0x00000000eaa80000)
  object space 84480K, 39% used [0x00000000c0000000,0x00000000c208eda8,0x00000000c5280000)
 PSPermGen       total 21504K, used 6049K [0x00000000bae00000, 0x00000000bc300000, 0x00000000c0000000)
  object space 21504K, 28% used [0x00000000bae00000,0x00000000bb3e8728,0x00000000bc300000)
}
Event: 8.484 GC heap before
{Heap before GC invocations=6 (full 0):
 PSYoungGen      total 69632K, used 69610K [0x00000000eaa80000, 0x00000000f4e80000, 0x0000000100000000)
  eden space 64512K, 100% used [0x00000000eaa80000,0x00000000ee980000,0x00000000ee980000)
  from space 5120K, 99% used [0x00000000ee980000,0x00000000eee7a888,0x00000000eee80000)
  to   space 19456K, 0% used [0x00000000f3b80000,0x00000000f3b80000,0x00000000f4e80000)
 ParOldGen       total 84480K, used 33339K [0x00000000c0000000, 0x00000000c5280000, 0x00000000eaa80000)
  object space 84480K, 39% used [0x00000000c0000000,0x00000000c208eda8,0x00000000c5280000)
 PSPermGen       total 21504K, used 6126K [0x00000000bae00000, 0x00000000bc300000, 0x00000000c0000000)
  object space 21504K, 28% used [0x00000000bae00000,0x00000000bb3fb990,0x00000000bc300000)
Event: 8.524 GC heap after
Heap after GC invocations=6 (full 0):
 PSYoungGen      total 148480K, used 14526K [0x00000000eaa80000, 0x00000000f4e80000, 0x0000000100000000)
  eden space 129024K, 0% used [0x00000000eaa80000,0x00000000eaa80000,0x00000000f2880000)
  from space 19456K, 74% used [0x00000000f3b80000,0x00000000f49af980,0x00000000f4e80000)
  to   space 19456K, 0% used [0x00000000f2880000,0x00000000f2880000,0x00000000f3b80000)
 ParOldGen       total 84480K, used 33339K [0x00000000c0000000, 0x00000000c5280000, 0x00000000eaa80000)
  object space 84480K, 39% used [0x00000000c0000000,0x00000000c208eda8,0x00000000c5280000)
 PSPermGen       total 21504K, used 6126K [0x00000000bae00000, 0x00000000bc300000, 0x00000000c0000000)
  object space 21504K, 28% used [0x00000000bae00000,0x00000000bb3fb990,0x00000000bc300000)
}

